block in append_cflags: checking for whether -fvisibility=hidden is accepted as CFLAGS... -------------------- yes

"gcc -o conftest -I/home/sarah/.asdf/installs/ruby/3.0.4/include/ruby-3.0.0/x86_64-linux -I/home/sarah/.asdf/installs/ruby/3.0.4/include/ruby-3.0.0/ruby/backward -I/home/sarah/.asdf/installs/ruby/3.0.4/include/ruby-3.0.0 -I. -I/home/sarah/.asdf/installs/ruby/3.0.4/include    -O3 -ggdb3 -Wall -Wextra -Wdeprecated-declarations -Wduplicated-cond -Wimplicit-function-declaration -Wimplicit-int -Wmisleading-indentation -Wpointer-arith -Wwrite-strings -Wimplicit-fallthrough=0 -Wmissing-noreturn -Wno-cast-function-type -Wno-constant-logical-operand -Wno-long-long -Wno-missing-field-initializers -Wno-overlength-strings -Wno-packed-bitfield-compat -Wno-parentheses-equality -Wno-self-assign -Wno-tautological-compare -Wno-unused-parameter -Wno-unused-value -Wsuggest-attribute=format -Wsuggest-attribute=noreturn -Wunused-variable  -fPIC conftest.c  -L. -L/home/sarah/.asdf/installs/ruby/3.0.4/lib -Wl,-rpath,/home/sarah/.asdf/installs/ruby/3.0.4/lib -L. -L/home/sarah/.asdf/installs/ruby/3.0.4/lib  -fstack-protector-strong -rdynamic -Wl,-export-dynamic -Wl,--no-as-needed     -Wl,-rpath,/home/sarah/.asdf/installs/ruby/3.0.4/lib -L/home/sarah/.asdf/installs/ruby/3.0.4/lib -lruby  -lm   -lc"
checked program was:
/* begin */
1: #include "ruby.h"
2: 
3: int main(int argc, char **argv)
4: {
5:   return !!argv[argc];
6: }
/* end */

"gcc -I/home/sarah/.asdf/installs/ruby/3.0.4/include/ruby-3.0.0/x86_64-linux -I/home/sarah/.asdf/installs/ruby/3.0.4/include/ruby-3.0.0/ruby/backward -I/home/sarah/.asdf/installs/ruby/3.0.4/include/ruby-3.0.0 -I. -I/home/sarah/.asdf/installs/ruby/3.0.4/include    -O3 -ggdb3 -Wall -Wextra -Wdeprecated-declarations -Wduplicated-cond -Wimplicit-function-declaration -Wimplicit-int -Wmisleading-indentation -Wpointer-arith -Wwrite-strings -Wimplicit-fallthrough=0 -Wmissing-noreturn -Wno-cast-function-type -Wno-constant-logical-operand -Wno-long-long -Wno-missing-field-initializers -Wno-overlength-strings -Wno-packed-bitfield-compat -Wno-parentheses-equality -Wno-self-assign -Wno-tautological-compare -Wno-unused-parameter -Wno-unused-value -Wsuggest-attribute=format -Wsuggest-attribute=noreturn -Wunused-variable  -fPIC  -fvisibility=hidden -Werror -c conftest.c"
checked program was:
/* begin */
1: #include "ruby.h"
2: 
3: int main(int argc, char **argv)
4: {
5:   return !!argv[argc];
6: }
/* end */

--------------------

find_header: checking for prism.h in /home/sarah/Documents/ruby-getting-started/''/gems/prism-0.15.1/include... -------------------- no

"gcc -E -I/home/sarah/.asdf/installs/ruby/3.0.4/include/ruby-3.0.0/x86_64-linux -I/home/sarah/.asdf/installs/ruby/3.0.4/include/ruby-3.0.0/ruby/backward -I/home/sarah/.asdf/installs/ruby/3.0.4/include/ruby-3.0.0 -I. -I/home/sarah/.asdf/installs/ruby/3.0.4/include    -O3 -ggdb3 -Wall -Wextra -Wdeprecated-declarations -Wduplicated-cond -Wimplicit-function-declaration -Wimplicit-int -Wmisleading-indentation -Wpointer-arith -Wwrite-strings -Wimplicit-fallthrough=0 -Wmissing-noreturn -Wno-cast-function-type -Wno-constant-logical-operand -Wno-long-long -Wno-missing-field-initializers -Wno-overlength-strings -Wno-packed-bitfield-compat -Wno-parentheses-equality -Wno-self-assign -Wno-tautological-compare -Wno-unused-parameter -Wno-unused-value -Wsuggest-attribute=format -Wsuggest-attribute=noreturn -Wunused-variable  -fPIC -fvisibility=hidden  conftest.c -o conftest.i"
conftest.c:3:10: fatal error: prism.h: No such file or directory
    3 | #include <prism.h>
      |          ^~~~~~~~~
compilation terminated.
checked program was:
/* begin */
1: #include "ruby.h"
2: 
3: #include <prism.h>
/* end */

"gcc -E -I/home/sarah/.asdf/installs/ruby/3.0.4/include/ruby-3.0.0/x86_64-linux -I/home/sarah/.asdf/installs/ruby/3.0.4/include/ruby-3.0.0/ruby/backward -I/home/sarah/.asdf/installs/ruby/3.0.4/include/ruby-3.0.0 -I. -I/home/sarah/.asdf/installs/ruby/3.0.4/include    -O3 -ggdb3 -Wall -Wextra -Wdeprecated-declarations -Wduplicated-cond -Wimplicit-function-declaration -Wimplicit-int -Wmisleading-indentation -Wpointer-arith -Wwrite-strings -Wimplicit-fallthrough=0 -Wmissing-noreturn -Wno-cast-function-type -Wno-constant-logical-operand -Wno-long-long -Wno-missing-field-initializers -Wno-overlength-strings -Wno-packed-bitfield-compat -Wno-parentheses-equality -Wno-self-assign -Wno-tautological-compare -Wno-unused-parameter -Wno-unused-value -Wsuggest-attribute=format -Wsuggest-attribute=noreturn -Wunused-variable  -fPIC -fvisibility=hidden -I/home/sarah/Documents/ruby-getting-started/''/gems/prism-0.15.1/include conftest.c -o conftest.i"
conftest.c:3:10: fatal error: prism.h: No such file or directory
    3 | #include <prism.h>
      |          ^~~~~~~~~
compilation terminated.
checked program was:
/* begin */
1: #include "ruby.h"
2: 
3: #include <prism.h>
/* end */

--------------------

